{"/tmp/frontend-project-lvl2/bin/index.js": {"path":"/tmp/frontend-project-lvl2/bin/index.js","all":false,"statementMap":{"0":{"start":{"line":1,"column":0},"end":{"line":1,"column":20}},"1":{"start":{"line":2,"column":0},"end":{"line":2,"column":24}},"2":{"start":{"line":3,"column":0},"end":{"line":3,"column":49}},"3":{"start":{"line":4,"column":0},"end":{"line":4,"column":32}},"4":{"start":{"line":5,"column":0},"end":{"line":5,"column":0}},"5":{"start":{"line":6,"column":0},"end":{"line":6,"column":65}},"6":{"start":{"line":7,"column":0},"end":{"line":7,"column":0}},"7":{"start":{"line":8,"column":0},"end":{"line":8,"column":31}},"8":{"start":{"line":9,"column":0},"end":{"line":9,"column":107}},"9":{"start":{"line":10,"column":0},"end":{"line":10,"column":90}},"10":{"start":{"line":11,"column":0},"end":{"line":11,"column":34}},"11":{"start":{"line":12,"column":0},"end":{"line":12,"column":2}},"12":{"start":{"line":13,"column":0},"end":{"line":13,"column":0}},"13":{"start":{"line":14,"column":0},"end":{"line":14,"column":63}},"14":{"start":{"line":15,"column":0},"end":{"line":15,"column":29}},"15":{"start":{"line":16,"column":0},"end":{"line":16,"column":67}},"16":{"start":{"line":17,"column":0},"end":{"line":17,"column":67}},"17":{"start":{"line":18,"column":0},"end":{"line":18,"column":41}},"18":{"start":{"line":19,"column":0},"end":{"line":19,"column":3}},"19":{"start":{"line":20,"column":0},"end":{"line":20,"column":49}},"20":{"start":{"line":21,"column":0},"end":{"line":21,"column":2}},"21":{"start":{"line":22,"column":0},"end":{"line":22,"column":0}},"22":{"start":{"line":23,"column":0},"end":{"line":23,"column":23}}},"s":{"0":1,"1":1,"2":1,"3":1,"4":1,"5":1,"6":1,"7":1,"8":3,"9":3,"10":3,"11":3,"12":1,"13":1,"14":3,"15":2,"16":2,"17":2,"18":2,"19":1,"20":1,"21":1,"22":1},"branchMap":{"0":{"type":"branch","line":6,"loc":{"start":{"line":6,"column":20},"end":{"line":6,"column":37}},"locations":[{"start":{"line":6,"column":20},"end":{"line":6,"column":37}}]},"1":{"type":"branch","line":8,"loc":{"start":{"line":8,"column":17},"end":{"line":12,"column":2}},"locations":[{"start":{"line":8,"column":17},"end":{"line":12,"column":2}}]},"2":{"type":"branch","line":10,"loc":{"start":{"line":10,"column":18},"end":{"line":10,"column":72}},"locations":[{"start":{"line":10,"column":18},"end":{"line":10,"column":72}}]},"3":{"type":"branch","line":14,"loc":{"start":{"line":14,"column":16},"end":{"line":21,"column":2}},"locations":[{"start":{"line":14,"column":16},"end":{"line":21,"column":2}}]},"4":{"type":"branch","line":15,"loc":{"start":{"line":15,"column":28},"end":{"line":19,"column":3}},"locations":[{"start":{"line":15,"column":28},"end":{"line":19,"column":3}}]},"5":{"type":"branch","line":20,"loc":{"start":{"line":20,"column":-1},"end":{"line":21,"column":2}},"locations":[{"start":{"line":20,"column":-1},"end":{"line":21,"column":2}}]}},"b":{"0":[3],"1":[3],"2":[0],"3":[3],"4":[2],"5":[1]},"fnMap":{"0":{"name":"fileFormat","decl":{"start":{"line":6,"column":20},"end":{"line":6,"column":37}},"loc":{"start":{"line":6,"column":20},"end":{"line":6,"column":37}},"line":6},"1":{"name":"getData","decl":{"start":{"line":8,"column":17},"end":{"line":12,"column":2}},"loc":{"start":{"line":8,"column":17},"end":{"line":12,"column":2}},"line":8},"2":{"name":"getFixturePath","decl":{"start":{"line":9,"column":26},"end":{"line":9,"column":45}},"loc":{"start":{"line":9,"column":26},"end":{"line":9,"column":45}},"line":9},"3":{"name":"genDiff","decl":{"start":{"line":14,"column":16},"end":{"line":21,"column":2}},"loc":{"start":{"line":14,"column":16},"end":{"line":21,"column":2}},"line":14}},"f":{"0":3,"1":3,"2":0,"3":3}}
,"/tmp/frontend-project-lvl2/bin/parser.js": {"path":"/tmp/frontend-project-lvl2/bin/parser.js","all":false,"statementMap":{"0":{"start":{"line":1,"column":0},"end":{"line":1,"column":27}},"1":{"start":{"line":2,"column":0},"end":{"line":2,"column":0}},"2":{"start":{"line":3,"column":0},"end":{"line":3,"column":34}},"3":{"start":{"line":4,"column":0},"end":{"line":4,"column":17}},"4":{"start":{"line":5,"column":0},"end":{"line":5,"column":16}},"5":{"start":{"line":6,"column":0},"end":{"line":6,"column":33}},"6":{"start":{"line":7,"column":0},"end":{"line":7,"column":15}},"7":{"start":{"line":8,"column":0},"end":{"line":8,"column":36}},"8":{"start":{"line":9,"column":0},"end":{"line":9,"column":12}},"9":{"start":{"line":10,"column":0},"end":{"line":10,"column":59}},"10":{"start":{"line":11,"column":0},"end":{"line":11,"column":3}},"11":{"start":{"line":12,"column":0},"end":{"line":12,"column":2}},"12":{"start":{"line":13,"column":0},"end":{"line":13,"column":0}},"13":{"start":{"line":14,"column":0},"end":{"line":14,"column":21}}},"s":{"0":1,"1":1,"2":1,"3":3,"4":3,"5":3,"6":3,"7":3,"8":3,"9":3,"10":3,"11":3,"12":1,"13":1},"branchMap":{"0":{"type":"branch","line":3,"loc":{"start":{"line":3,"column":14},"end":{"line":12,"column":2}},"locations":[{"start":{"line":3,"column":14},"end":{"line":12,"column":2}}]},"1":{"type":"branch","line":5,"loc":{"start":{"line":5,"column":4},"end":{"line":6,"column":13}},"locations":[{"start":{"line":5,"column":4},"end":{"line":6,"column":13}}]},"2":{"type":"branch","line":7,"loc":{"start":{"line":7,"column":4},"end":{"line":8,"column":13}},"locations":[{"start":{"line":7,"column":4},"end":{"line":8,"column":13}}]},"3":{"type":"branch","line":9,"loc":{"start":{"line":9,"column":4},"end":{"line":10,"column":12}},"locations":[{"start":{"line":9,"column":4},"end":{"line":10,"column":12}}]}},"b":{"0":[3],"1":[2],"2":[0],"3":[1]},"fnMap":{"0":{"name":"parse","decl":{"start":{"line":3,"column":14},"end":{"line":12,"column":2}},"loc":{"start":{"line":3,"column":14},"end":{"line":12,"column":2}},"line":3}},"f":{"0":3}}
,"/tmp/frontend-project-lvl2/bin/stylishFormat.js": {"path":"/tmp/frontend-project-lvl2/bin/stylishFormat.js","all":false,"statementMap":{"0":{"start":{"line":1,"column":0},"end":{"line":1,"column":23}},"1":{"start":{"line":2,"column":0},"end":{"line":2,"column":0}},"2":{"start":{"line":3,"column":0},"end":{"line":3,"column":41}},"3":{"start":{"line":4,"column":0},"end":{"line":4,"column":40}},"4":{"start":{"line":5,"column":0},"end":{"line":5,"column":29}},"5":{"start":{"line":6,"column":0},"end":{"line":6,"column":29}},"6":{"start":{"line":7,"column":0},"end":{"line":7,"column":17}},"7":{"start":{"line":8,"column":0},"end":{"line":8,"column":28}},"8":{"start":{"line":9,"column":0},"end":{"line":9,"column":36}},"9":{"start":{"line":10,"column":0},"end":{"line":10,"column":35}},"10":{"start":{"line":11,"column":0},"end":{"line":11,"column":36}},"11":{"start":{"line":12,"column":0},"end":{"line":12,"column":68}},"12":{"start":{"line":13,"column":0},"end":{"line":13,"column":59}},"13":{"start":{"line":14,"column":0},"end":{"line":14,"column":44}},"14":{"start":{"line":15,"column":0},"end":{"line":15,"column":59}},"15":{"start":{"line":16,"column":0},"end":{"line":16,"column":41}},"16":{"start":{"line":17,"column":0},"end":{"line":17,"column":15}},"17":{"start":{"line":18,"column":0},"end":{"line":18,"column":4}},"18":{"start":{"line":19,"column":0},"end":{"line":19,"column":61}},"19":{"start":{"line":20,"column":0},"end":{"line":20,"column":57}},"20":{"start":{"line":21,"column":0},"end":{"line":21,"column":38}},"21":{"start":{"line":22,"column":0},"end":{"line":22,"column":2}},"22":{"start":{"line":23,"column":0},"end":{"line":23,"column":0}},"23":{"start":{"line":24,"column":0},"end":{"line":24,"column":31}}},"s":{"0":1,"1":1,"2":1,"3":1,"4":5,"5":5,"6":5,"7":5,"8":2,"9":5,"10":1,"11":3,"12":0,"13":2,"14":1,"15":5,"16":5,"17":5,"18":1,"19":1,"20":1,"21":1,"22":1,"23":1},"branchMap":{"0":{"type":"branch","line":3,"loc":{"start":{"line":3,"column":24},"end":{"line":22,"column":2}},"locations":[{"start":{"line":3,"column":24},"end":{"line":22,"column":2}}]},"1":{"type":"branch","line":4,"loc":{"start":{"line":4,"column":31},"end":{"line":18,"column":4}},"locations":[{"start":{"line":4,"column":31},"end":{"line":18,"column":4}}]},"2":{"type":"branch","line":8,"loc":{"start":{"line":8,"column":27},"end":{"line":10,"column":11}},"locations":[{"start":{"line":8,"column":27},"end":{"line":10,"column":11}}]},"3":{"type":"branch","line":10,"loc":{"start":{"line":10,"column":5},"end":{"line":16,"column":14}},"locations":[{"start":{"line":10,"column":5},"end":{"line":16,"column":14}}]},"4":{"type":"branch","line":10,"loc":{"start":{"line":10,"column":34},"end":{"line":12,"column":11}},"locations":[{"start":{"line":10,"column":34},"end":{"line":12,"column":11}}]},"5":{"type":"branch","line":12,"loc":{"start":{"line":12,"column":5},"end":{"line":16,"column":14}},"locations":[{"start":{"line":12,"column":5},"end":{"line":16,"column":14}}]},"6":{"type":"branch","line":12,"loc":{"start":{"line":12,"column":15},"end":{"line":12,"column":43}},"locations":[{"start":{"line":12,"column":15},"end":{"line":12,"column":43}}]},"7":{"type":"branch","line":12,"loc":{"start":{"line":12,"column":67},"end":{"line":14,"column":11}},"locations":[{"start":{"line":12,"column":67},"end":{"line":14,"column":11}}]},"8":{"type":"branch","line":14,"loc":{"start":{"line":14,"column":43},"end":{"line":16,"column":14}},"locations":[{"start":{"line":14,"column":43},"end":{"line":16,"column":14}}]}},"b":{"0":[1],"1":[5],"2":[2],"3":[3],"4":[1],"5":[2],"6":[0],"7":[0],"8":[1]},"fnMap":{"0":{"name":"formatToStylish","decl":{"start":{"line":3,"column":24},"end":{"line":22,"column":2}},"loc":{"start":{"line":3,"column":24},"end":{"line":22,"column":2}},"line":3},"1":{"name":"makeChangesToString","decl":{"start":{"line":4,"column":31},"end":{"line":18,"column":4}},"loc":{"start":{"line":4,"column":31},"end":{"line":18,"column":4}},"line":4}},"f":{"0":1,"1":5}}
}
