TN:
SF:bin/index.js
FN:6,fileFormat
FN:8,getData
FN:9,getFixturePath
FN:14,genDiff
FNF:4
FNH:3
FNDA:3,fileFormat
FNDA:3,getData
FNDA:0,getFixturePath
FNDA:3,genDiff
DA:1,1
DA:2,1
DA:3,1
DA:4,1
DA:5,1
DA:6,1
DA:7,1
DA:8,1
DA:9,3
DA:10,3
DA:11,3
DA:12,3
DA:13,1
DA:14,1
DA:15,3
DA:16,2
DA:17,2
DA:18,2
DA:19,2
DA:20,1
DA:21,1
DA:22,1
DA:23,1
LF:23
LH:23
BRDA:6,0,0,3
BRDA:8,1,0,3
BRDA:10,2,0,0
BRDA:14,3,0,3
BRDA:15,4,0,2
BRDA:20,5,0,1
BRF:6
BRH:5
end_of_record
TN:
SF:bin/parser.js
FN:3,parse
FNF:1
FNH:1
FNDA:3,parse
DA:1,1
DA:2,1
DA:3,1
DA:4,3
DA:5,3
DA:6,3
DA:7,3
DA:8,3
DA:9,3
DA:10,3
DA:11,3
DA:12,3
DA:13,1
DA:14,1
LF:14
LH:14
BRDA:3,0,0,3
BRDA:5,1,0,2
BRDA:7,2,0,0
BRDA:9,3,0,1
BRF:4
BRH:3
end_of_record
TN:
SF:bin/stylishFormat.js
FN:3,formatToStylish
FN:4,makeChangesToString
FNF:2
FNH:2
FNDA:1,formatToStylish
FNDA:5,makeChangesToString
DA:1,1
DA:2,1
DA:3,1
DA:4,1
DA:5,5
DA:6,5
DA:7,5
DA:8,5
DA:9,2
DA:10,5
DA:11,1
DA:12,3
DA:13,0
DA:14,2
DA:15,1
DA:16,5
DA:17,5
DA:18,5
DA:19,1
DA:20,1
DA:21,1
DA:22,1
DA:23,1
DA:24,1
LF:24
LH:23
BRDA:3,0,0,1
BRDA:4,1,0,5
BRDA:8,2,0,2
BRDA:10,3,0,3
BRDA:10,4,0,1
BRDA:12,5,0,2
BRDA:12,6,0,0
BRDA:12,7,0,0
BRDA:14,8,0,1
BRF:9
BRH:7
end_of_record
